c:\users\dhpc\source\repos\курсова_митні склади\курсова_митні склади\debug\vc142.pdb
c:\users\dhpc\source\repos\курсова_митні склади\курсова_митні склади\debug\vc142.idb
c:\users\dhpc\source\repos\курсова_митні склади\курсова_митні склади\debug\курсова_митні склади.obj
c:\users\dhpc\source\repos\курсова_митні склади\курсова_митні склади\debug\user.obj
c:\users\dhpc\source\repos\курсова_митні склади\курсова_митні склади\debug\storage.obj
c:\users\dhpc\source\repos\курсова_митні склади\курсова_митні склади\debug\global.obj
c:\users\dhpc\source\repos\курсова_митні склади\курсова_митні склади\debug\databaseusers.obj
c:\users\dhpc\source\repos\курсова_митні склади\курсова_митні склади\debug\databasestorage.obj
c:\users\dhpc\source\repos\курсова_митні склади\курсова_митні склади\debug\cui.obj
c:\users\dhpc\source\repos\курсова_митні склади\debug\курсова_митні склади.pdb
c:\users\dhpc\source\repos\курсова_митні склади\курсова_митні склади\debug\курсова_.5ee6d689.tlog\cl.command.1.tlog
c:\users\dhpc\source\repos\курсова_митні склади\курсова_митні склади\debug\курсова_.5ee6d689.tlog\cl.read.1.tlog
c:\users\dhpc\source\repos\курсова_митні склади\курсова_митні склади\debug\курсова_.5ee6d689.tlog\cl.write.1.tlog
c:\users\dhpc\source\repos\курсова_митні склади\курсова_митні склади\debug\курсова_.5ee6d689.tlog\link-cvtres.read.1.tlog
c:\users\dhpc\source\repos\курсова_митні склади\курсова_митні склади\debug\курсова_.5ee6d689.tlog\link-cvtres.write.1.tlog
c:\users\dhpc\source\repos\курсова_митні склади\курсова_митні склади\debug\курсова_.5ee6d689.tlog\link-rc.read.1.tlog
c:\users\dhpc\source\repos\курсова_митні склади\курсова_митні склади\debug\курсова_.5ee6d689.tlog\link-rc.write.1.tlog
c:\users\dhpc\source\repos\курсова_митні склади\курсова_митні склади\debug\курсова_.5ee6d689.tlog\link.command.1.tlog
c:\users\dhpc\source\repos\курсова_митні склади\курсова_митні склади\debug\курсова_.5ee6d689.tlog\link.read.1.tlog
c:\users\dhpc\source\repos\курсова_митні склади\курсова_митні склади\debug\курсова_.5ee6d689.tlog\link.write.1.tlog
